  Mazerunner.cpp
E:\BJH\과제\class - day45\WIN_API_202302\Object\Maze\Mazerunner.cpp(79,27): warning C4244: '인수': 'float'에서 'int'(으)로 변환하면서 데이터가 손실될 수 있습니다.
E:\BJH\과제\class - day45\WIN_API_202302\Object\Maze\Mazerunner.cpp(79,18): warning C4244: '인수': 'float'에서 'int'(으)로 변환하면서 데이터가 손실될 수 있습니다.
E:\BJH\과제\class - day45\WIN_API_202302\Object\Maze\Mazerunner.cpp(87,32): warning C4244: '인수': 'float'에서 'int'(으)로 변환하면서 데이터가 손실될 수 있습니다.
E:\BJH\과제\class - day45\WIN_API_202302\Object\Maze\Mazerunner.cpp(87,23): warning C4244: '인수': 'float'에서 'int'(으)로 변환하면서 데이터가 손실될 수 있습니다.
E:\BJH\과제\class - day45\WIN_API_202302\Object\Maze\Mazerunner.cpp(130,21): warning C4244: '인수': 'float'에서 'const unsigned __int64'(으)로 변환하면서 데이터가 손실될 수 있습니다.
E:\BJH\과제\class - day45\WIN_API_202302\Object\Maze\Mazerunner.cpp(130,31): warning C4244: '인수': 'float'에서 'unsigned __int64'(으)로 변환하면서 데이터가 손실될 수 있습니다.
E:\BJH\과제\class - day45\WIN_API_202302\Object\Maze\Mazerunner.cpp(152,21): warning C4244: '인수': 'float'에서 'const unsigned __int64'(으)로 변환하면서 데이터가 손실될 수 있습니다.
E:\BJH\과제\class - day45\WIN_API_202302\Object\Maze\Mazerunner.cpp(152,30): warning C4244: '인수': 'float'에서 'unsigned __int64'(으)로 변환하면서 데이터가 손실될 수 있습니다.
E:\BJH\과제\class - day45\WIN_API_202302\Object\Maze\Mazerunner.cpp(155,27): warning C4244: '인수': 'float'에서 'int'(으)로 변환하면서 데이터가 손실될 수 있습니다.
E:\BJH\과제\class - day45\WIN_API_202302\Object\Maze\Mazerunner.cpp(155,18): warning C4244: '인수': 'float'에서 'int'(으)로 변환하면서 데이터가 손실될 수 있습니다.
E:\BJH\과제\class - day45\WIN_API_202302\Object\Maze\Mazerunner.cpp(166,21): warning C4244: '인수': 'float'에서 'const unsigned __int64'(으)로 변환하면서 데이터가 손실될 수 있습니다.
E:\BJH\과제\class - day45\WIN_API_202302\Object\Maze\Mazerunner.cpp(166,31): warning C4244: '인수': 'float'에서 'unsigned __int64'(으)로 변환하면서 데이터가 손실될 수 있습니다.
E:\BJH\과제\class - day45\WIN_API_202302\Object\Maze\Mazerunner.cpp(193,25): warning C4244: '인수': 'float'에서 'const unsigned __int64'(으)로 변환하면서 데이터가 손실될 수 있습니다.
E:\BJH\과제\class - day45\WIN_API_202302\Object\Maze\Mazerunner.cpp(193,35): warning C4244: '인수': 'float'에서 'unsigned __int64'(으)로 변환하면서 데이터가 손실될 수 있습니다.
E:\BJH\과제\class - day45\WIN_API_202302\Object\Maze\Mazerunner.cpp(200,25): warning C4244: '인수': 'float'에서 'const unsigned __int64'(으)로 변환하면서 데이터가 손실될 수 있습니다.
E:\BJH\과제\class - day45\WIN_API_202302\Object\Maze\Mazerunner.cpp(200,34): warning C4244: '인수': 'float'에서 'unsigned __int64'(으)로 변환하면서 데이터가 손실될 수 있습니다.
E:\BJH\과제\class - day45\WIN_API_202302\Object\Maze\Mazerunner.cpp(203,28): warning C4244: '인수': 'float'에서 'int'(으)로 변환하면서 데이터가 손실될 수 있습니다.
E:\BJH\과제\class - day45\WIN_API_202302\Object\Maze\Mazerunner.cpp(203,19): warning C4244: '인수': 'float'에서 'int'(으)로 변환하면서 데이터가 손실될 수 있습니다.
E:\BJH\과제\class - day45\WIN_API_202302\Object\Maze\Mazerunner.cpp(207,21): warning C4244: '인수': 'float'에서 'const unsigned __int64'(으)로 변환하면서 데이터가 손실될 수 있습니다.
E:\BJH\과제\class - day45\WIN_API_202302\Object\Maze\Mazerunner.cpp(207,30): warning C4244: '인수': 'float'에서 'unsigned __int64'(으)로 변환하면서 데이터가 손실될 수 있습니다.
E:\BJH\과제\class - day45\WIN_API_202302\Object\Maze\Mazerunner.cpp(208,17): warning C4244: '인수': 'float'에서 'const unsigned __int64'(으)로 변환하면서 데이터가 손실될 수 있습니다.
E:\BJH\과제\class - day45\WIN_API_202302\Object\Maze\Mazerunner.cpp(208,26): warning C4244: '인수': 'float'에서 'const unsigned __int64'(으)로 변환하면서 데이터가 손실될 수 있습니다.
E:\BJH\과제\class - day45\WIN_API_202302\Object\Maze\Mazerunner.cpp(220,25): warning C4244: '인수': 'float'에서 'const unsigned __int64'(으)로 변환하면서 데이터가 손실될 수 있습니다.
E:\BJH\과제\class - day45\WIN_API_202302\Object\Maze\Mazerunner.cpp(220,39): warning C4244: '인수': 'float'에서 'const unsigned __int64'(으)로 변환하면서 데이터가 손실될 수 있습니다.
E:\BJH\과제\class - day45\WIN_API_202302\Object\Maze\Mazerunner.cpp(223,34): warning C4244: '인수': 'float'에서 'const unsigned __int64'(으)로 변환하면서 데이터가 손실될 수 있습니다.
E:\BJH\과제\class - day45\WIN_API_202302\Object\Maze\Mazerunner.cpp(223,48): warning C4244: '인수': 'float'에서 'const unsigned __int64'(으)로 변환하면서 데이터가 손실될 수 있습니다.
  WIN_API_202302.vcxproj -> E:\BJH\과제\class - day45\x64\Debug\WIN_API_202302.exe
